2023-03-04 05:15:06.985 [info] Log level: Info
2023-03-04 05:15:06.985 [info] Validating found git in: "git"
2023-03-04 05:15:06.985 [info] Using git "2.39.2" from "git"
2023-03-04 05:15:06.985 [info] > git rev-parse --show-toplevel [102ms]
2023-03-04 05:15:06.985 [info] > git rev-parse --git-dir --git-common-dir [10ms]
2023-03-04 05:15:06.985 [info] Open repository: /home/dorybrown
2023-03-04 05:15:06.985 [info] > git config --get commit.template [8ms]
2023-03-04 05:15:06.985 [info] > git rev-parse --show-toplevel [40ms]
2023-03-04 05:15:06.985 [info] > git rev-parse --show-toplevel [10ms]
2023-03-04 05:15:06.985 [info] No remotes found in the git config file.
2023-03-04 05:15:06.985 [info] > git rev-parse --show-toplevel [20ms]
2023-03-04 05:15:06.985 [info] > git for-each-ref --format=%(refname)%00%(upstream:short)%00%(objectname)%00%(upstream:track)%00%(upstream:remotename)%00%(upstream:remoteref) refs/heads/main refs/remotes/main [11ms]
2023-03-04 05:15:06.985 [info] > git rev-parse --show-toplevel [18ms]
2023-03-04 05:15:06.985 [info] > git rev-parse --show-toplevel [2ms]
2023-03-04 05:15:06.985 [info] > git rev-parse --show-toplevel [2ms]
2023-03-04 05:15:06.985 [info] > git rev-parse --show-toplevel [3ms]
2023-03-04 05:15:06.985 [info] > git rev-parse --git-dir --git-common-dir [3ms]
2023-03-04 05:15:06.985 [info] Open repository: /home/dorybrown/.nvm
2023-03-04 05:15:06.985 [info] > git rev-parse --show-toplevel [12ms]
2023-03-04 05:15:06.985 [info] > git rev-parse --git-dir --git-common-dir [4ms]
2023-03-04 05:15:06.985 [info] Open repository: /home/dorybrown/.rbenv
2023-03-04 05:15:06.985 [info] > git config --get commit.template [57ms]
2023-03-04 05:15:06.985 [info] > git rev-parse --show-toplevel [58ms]
2023-03-04 05:15:06.985 [info] > git config --get commit.template [80ms]
2023-03-04 05:15:06.985 [info] > git for-each-ref --format %(refname) %(objectname) %(*objectname) refs/tags [13ms]
2023-03-04 05:15:06.985 [info] > git rev-parse --show-toplevel [39ms]
2023-03-04 05:15:06.985 [info] > git status -z -uall [343ms]
2023-03-04 05:15:06.985 [info] > git status -z -uall [30ms]
2023-03-04 05:15:06.985 [info] > git for-each-ref --format=%(refname)%00%(upstream:short)%00%(objectname)%00%(upstream:track)%00%(upstream:remotename)%00%(upstream:remoteref) refs/heads/master refs/remotes/master [13ms]
2023-03-04 05:15:06.985 [info] > git rev-parse --show-toplevel [53ms]
2023-03-04 05:15:06.985 [info] > git status -z -uall [2029ms]
2023-03-04 05:15:06.985 [info] > git check-ignore -v -z --stdin [95ms]
2023-03-04 05:15:06.985 [info] > git check-ignore -v -z --stdin [86ms]
2023-03-04 05:15:06.985 [info] > git check-ignore -v -z --stdin [72ms]
2023-03-04 05:15:06.985 [info] > git rev-parse --show-toplevel [2010ms]
2023-03-04 05:15:07.004 [info] > git rev-parse --show-toplevel [87ms]
2023-03-04 05:15:07.017 [info] > git config --get commit.template [114ms]
2023-03-04 05:15:07.019 [info] > git config --get commit.template [124ms]
2023-03-04 05:15:07.027 [info] > git rev-parse --show-toplevel [11ms]
2023-03-04 05:15:07.037 [info] > git config --get commit.template [36ms]
2023-03-04 05:15:07.056 [info] No remotes found in the git config file.
2023-03-04 05:15:07.079 [info] > git for-each-ref --format=%(refname)%00%(upstream:short)%00%(objectname)%00%(upstream:track)%00%(upstream:remotename)%00%(upstream:remoteref) refs/heads/main refs/remotes/main [22ms]
2023-03-04 05:15:07.092 [info] > git for-each-ref --format %(refname) %(objectname) %(*objectname) refs/tags [45ms]
2023-03-04 05:15:07.100 [info] > git rev-parse --show-toplevel [63ms]
2023-03-04 05:15:07.109 [info] > git for-each-ref --format=%(refname)%00%(upstream:short)%00%(objectname)%00%(upstream:track)%00%(upstream:remotename)%00%(upstream:remoteref) refs/heads/master refs/remotes/master [34ms]
2023-03-04 05:15:07.122 [info] > git status -z -uall [23ms]
2023-03-04 05:15:07.125 [info] > git rev-parse --show-toplevel [17ms]
2023-03-04 05:15:07.144 [info] > git status -z -uall [22ms]
2023-03-04 05:15:07.144 [info] > git rev-parse --git-dir --git-common-dir [2ms]
2023-03-04 05:15:07.154 [info] Open repository: /home/dorybrown/phase-0-git-basics-lab
2023-03-04 05:15:07.186 [info] > git rev-parse --show-toplevel [15ms]
2023-03-04 05:15:07.204 [info] > git config --get commit.template [19ms]
2023-03-04 05:15:07.205 [info] > git rev-parse --git-dir --git-common-dir [3ms]
2023-03-04 05:15:07.210 [info] Open repository: /home/dorybrown/phase-0-html-experiencing-html-lab
2023-03-04 05:15:07.277 [info] > git show --textconv :my_list.txt [24ms]
2023-03-04 05:15:07.277 [info] > git ls-files --stage -- /home/dorybrown/my_list.txt [10ms]
2023-03-04 05:15:07.282 [info] > git config --get commit.template [43ms]
2023-03-04 05:15:07.283 [info] > git for-each-ref --format=%(refname)%00%(upstream:short)%00%(objectname)%00%(upstream:track)%00%(upstream:remotename)%00%(upstream:remoteref) refs/heads/master refs/remotes/master [51ms]
2023-03-04 05:15:07.321 [info] > git status -z -uall [230ms]
2023-03-04 05:15:07.321 [info] > git status -z -uall [28ms]
2023-03-04 05:15:07.330 [info] > git for-each-ref --format=%(refname)%00%(upstream:short)%00%(objectname)%00%(upstream:track)%00%(upstream:remotename)%00%(upstream:remoteref) refs/heads/master refs/remotes/master [15ms]
2023-03-04 05:15:08.890 [info] > git status -z -uall [1551ms]
2023-03-04 05:15:09.003 [info] > git check-ignore -v -z --stdin [76ms]
2023-03-04 05:15:09.004 [info] > git check-ignore -v -z --stdin [63ms]
2023-03-04 05:15:09.005 [info] > git check-ignore -v -z --stdin [43ms]
2023-03-04 05:15:09.005 [info] > git check-ignore -v -z --stdin [26ms]
2023-03-04 05:15:09.005 [info] > git check-ignore -v -z --stdin [4ms]
2023-03-04 05:15:24.095 [info] No remotes found in the git config file.
2023-03-04 05:15:24.096 [info] > git config --get commit.template [24ms]
2023-03-04 05:15:24.097 [info] > git for-each-ref --format=%(refname)%00%(upstream:short)%00%(objectname)%00%(upstream:track)%00%(upstream:remotename)%00%(upstream:remoteref) refs/heads/main refs/remotes/main [2ms]
2023-03-04 05:15:24.188 [info] > git status -z -uall [69ms]
2023-03-04 05:15:29.343 [info] No remotes found in the git config file.
2023-03-04 05:15:29.358 [info] > git config --get commit.template [16ms]
2023-03-04 05:15:29.358 [info] > git for-each-ref --format=%(refname)%00%(upstream:short)%00%(objectname)%00%(upstream:track)%00%(upstream:remotename)%00%(upstream:remoteref) refs/heads/main refs/remotes/main [1ms]
2023-03-04 05:15:29.455 [info] > git status -z -uall [76ms]
2023-03-04 05:15:34.830 [info] > git config --get commit.template [2ms]
2023-03-04 05:15:34.848 [info] No remotes found in the git config file.
2023-03-04 05:15:34.849 [info] > git for-each-ref --format=%(refname)%00%(upstream:short)%00%(objectname)%00%(upstream:track)%00%(upstream:remotename)%00%(upstream:remoteref) refs/heads/main refs/remotes/main [1ms]
2023-03-04 05:15:34.927 [info] > git status -z -uall [59ms]
2023-03-04 05:15:40.078 [info] > git config --get commit.template [1ms]
2023-03-04 05:15:40.093 [info] No remotes found in the git config file.
2023-03-04 05:15:40.094 [info] > git for-each-ref --format=%(refname)%00%(upstream:short)%00%(objectname)%00%(upstream:track)%00%(upstream:remotename)%00%(upstream:remoteref) refs/heads/main refs/remotes/main [1ms]
2023-03-04 05:15:40.167 [info] > git status -z -uall [60ms]
2023-03-04 05:15:45.310 [info] No remotes found in the git config file.
2023-03-04 05:15:45.331 [info] > git config --get commit.template [22ms]
2023-03-04 05:15:45.331 [info] > git for-each-ref --format=%(refname)%00%(upstream:short)%00%(objectname)%00%(upstream:track)%00%(upstream:remotename)%00%(upstream:remoteref) refs/heads/main refs/remotes/main [3ms]
2023-03-04 05:15:45.434 [info] > git status -z -uall [86ms]
2023-03-04 05:15:48.240 [info] > git show --textconv :.bashrc [18ms]
2023-03-04 05:15:48.242 [info] > git ls-files --stage -- /home/dorybrown/.bashrc [3ms]
2023-03-04 05:15:48.288 [info] > git cat-file -s 0af8e682d6c98f9e7120d7ab1c69116ecedd900e [5ms]
2023-03-04 05:15:50.610 [info] No remotes found in the git config file.
2023-03-04 05:15:50.621 [info] > git config --get commit.template [12ms]
2023-03-04 05:15:50.621 [info] > git for-each-ref --format=%(refname)%00%(upstream:short)%00%(objectname)%00%(upstream:track)%00%(upstream:remotename)%00%(upstream:remoteref) refs/heads/main refs/remotes/main [1ms]
2023-03-04 05:15:50.715 [info] > git status -z -uall [72ms]
2023-03-04 05:15:55.902 [info] > git config --get commit.template [1ms]
2023-03-04 05:15:55.928 [info] No remotes found in the git config file.
2023-03-04 05:15:55.929 [info] > git for-each-ref --format=%(refname)%00%(upstream:short)%00%(objectname)%00%(upstream:track)%00%(upstream:remotename)%00%(upstream:remoteref) refs/heads/main refs/remotes/main [1ms]
2023-03-04 05:15:56.019 [info] > git status -z -uall [68ms]
2023-03-04 05:16:01.217 [info] > git config --get commit.template [1ms]
2023-03-04 05:16:01.248 [info] No remotes found in the git config file.
2023-03-04 05:16:01.249 [info] > git for-each-ref --format=%(refname)%00%(upstream:short)%00%(objectname)%00%(upstream:track)%00%(upstream:remotename)%00%(upstream:remoteref) refs/heads/main refs/remotes/main [1ms]
2023-03-04 05:16:01.331 [info] > git status -z -uall [53ms]
2023-03-04 05:16:06.442 [info] > git config --get commit.template [1ms]
2023-03-04 05:16:06.461 [info] No remotes found in the git config file.
2023-03-04 05:16:06.461 [info] > git for-each-ref --format=%(refname)%00%(upstream:short)%00%(objectname)%00%(upstream:track)%00%(upstream:remotename)%00%(upstream:remoteref) refs/heads/main refs/remotes/main [1ms]
2023-03-04 05:16:06.530 [info] > git status -z -uall [51ms]
2023-03-04 05:16:11.766 [info] > git config --get commit.template [1ms]
2023-03-04 05:16:11.783 [info] No remotes found in the git config file.
2023-03-04 05:16:11.783 [info] > git for-each-ref --format=%(refname)%00%(upstream:short)%00%(objectname)%00%(upstream:track)%00%(upstream:remotename)%00%(upstream:remoteref) refs/heads/main refs/remotes/main [1ms]
2023-03-04 05:16:11.862 [info] > git status -z -uall [64ms]
2023-03-04 05:16:17.006 [info] No remotes found in the git config file.
2023-03-04 05:16:17.006 [info] > git config --get commit.template [19ms]
2023-03-04 05:16:17.007 [info] > git for-each-ref --format=%(refname)%00%(upstream:short)%00%(objectname)%00%(upstream:track)%00%(upstream:remotename)%00%(upstream:remoteref) refs/heads/main refs/remotes/main [1ms]
2023-03-04 05:16:17.094 [info] > git status -z -uall [65ms]
2023-03-04 05:16:22.317 [info] No remotes found in the git config file.
2023-03-04 05:16:22.318 [info] > git config --get commit.template [29ms]
2023-03-04 05:16:22.318 [info] > git for-each-ref --format=%(refname)%00%(upstream:short)%00%(objectname)%00%(upstream:track)%00%(upstream:remotename)%00%(upstream:remoteref) refs/heads/main refs/remotes/main [2ms]
2023-03-04 05:16:22.444 [info] > git status -z -uall [104ms]
2023-03-04 05:16:27.669 [info] > git config --get commit.template [2ms]
2023-03-04 05:16:27.686 [info] No remotes found in the git config file.
2023-03-04 05:16:27.686 [info] > git for-each-ref --format=%(refname)%00%(upstream:short)%00%(objectname)%00%(upstream:track)%00%(upstream:remotename)%00%(upstream:remoteref) refs/heads/main refs/remotes/main [1ms]
2023-03-04 05:16:27.758 [info] > git status -z -uall [58ms]
2023-03-04 05:16:32.907 [info] No remotes found in the git config file.
2023-03-04 05:16:32.908 [info] > git config --get commit.template [20ms]
2023-03-04 05:16:32.909 [info] > git for-each-ref --format=%(refname)%00%(upstream:short)%00%(objectname)%00%(upstream:track)%00%(upstream:remotename)%00%(upstream:remoteref) refs/heads/main refs/remotes/main [2ms]
2023-03-04 05:16:33.000 [info] > git status -z -uall [73ms]
2023-03-04 05:16:38.191 [info] > git config --get commit.template [13ms]
2023-03-04 05:16:38.191 [info] No remotes found in the git config file.
2023-03-04 05:16:38.191 [info] > git for-each-ref --format=%(refname)%00%(upstream:short)%00%(objectname)%00%(upstream:track)%00%(upstream:remotename)%00%(upstream:remoteref) refs/heads/main refs/remotes/main [1ms]
2023-03-04 05:16:38.283 [info] > git status -z -uall [70ms]
2023-03-04 05:16:43.464 [info] > git config --get commit.template [1ms]
2023-03-04 05:16:43.485 [info] No remotes found in the git config file.
2023-03-04 05:16:43.486 [info] > git for-each-ref --format=%(refname)%00%(upstream:short)%00%(objectname)%00%(upstream:track)%00%(upstream:remotename)%00%(upstream:remoteref) refs/heads/main refs/remotes/main [1ms]
2023-03-04 05:16:43.573 [info] > git status -z -uall [62ms]
2023-03-04 05:16:48.708 [info] > git config --get commit.template [1ms]
2023-03-04 05:16:48.726 [info] No remotes found in the git config file.
2023-03-04 05:16:48.727 [info] > git for-each-ref --format=%(refname)%00%(upstream:short)%00%(objectname)%00%(upstream:track)%00%(upstream:remotename)%00%(upstream:remoteref) refs/heads/main refs/remotes/main [1ms]
2023-03-04 05:16:48.798 [info] > git status -z -uall [60ms]
2023-03-04 05:16:53.968 [info] No remotes found in the git config file.
2023-03-04 05:16:53.969 [info] > git config --get commit.template [24ms]
2023-03-04 05:16:53.970 [info] > git for-each-ref --format=%(refname)%00%(upstream:short)%00%(objectname)%00%(upstream:track)%00%(upstream:remotename)%00%(upstream:remoteref) refs/heads/main refs/remotes/main [2ms]
2023-03-04 05:16:54.072 [info] > git status -z -uall [80ms]
2023-03-04 05:16:59.236 [info] > git config --get commit.template [1ms]
2023-03-04 05:16:59.251 [info] No remotes found in the git config file.
2023-03-04 05:16:59.252 [info] > git for-each-ref --format=%(refname)%00%(upstream:short)%00%(objectname)%00%(upstream:track)%00%(upstream:remotename)%00%(upstream:remoteref) refs/heads/main refs/remotes/main [2ms]
2023-03-04 05:16:59.341 [info] > git status -z -uall [68ms]
2023-03-04 05:17:04.537 [info] > git config --get commit.template [2ms]
2023-03-04 05:17:04.554 [info] No remotes found in the git config file.
2023-03-04 05:17:04.555 [info] > git for-each-ref --format=%(refname)%00%(upstream:short)%00%(objectname)%00%(upstream:track)%00%(upstream:remotename)%00%(upstream:remoteref) refs/heads/main refs/remotes/main [1ms]
2023-03-04 05:17:04.648 [info] > git status -z -uall [68ms]
2023-03-04 05:17:09.801 [info] > git config --get commit.template [1ms]
2023-03-04 05:17:09.821 [info] No remotes found in the git config file.
2023-03-04 05:17:09.821 [info] > git for-each-ref --format=%(refname)%00%(upstream:short)%00%(objectname)%00%(upstream:track)%00%(upstream:remotename)%00%(upstream:remoteref) refs/heads/main refs/remotes/main [1ms]
2023-03-04 05:17:09.893 [info] > git status -z -uall [59ms]
2023-03-04 05:17:15.062 [info] > git config --get commit.template [1ms]
2023-03-04 05:17:15.082 [info] No remotes found in the git config file.
2023-03-04 05:17:15.083 [info] > git for-each-ref --format=%(refname)%00%(upstream:short)%00%(objectname)%00%(upstream:track)%00%(upstream:remotename)%00%(upstream:remoteref) refs/heads/main refs/remotes/main [1ms]
2023-03-04 05:17:15.156 [info] > git status -z -uall [57ms]
2023-03-04 05:17:20.362 [info] No remotes found in the git config file.
2023-03-04 05:17:20.362 [info] > git config --get commit.template [22ms]
2023-03-04 05:17:20.363 [info] > git for-each-ref --format=%(refname)%00%(upstream:short)%00%(objectname)%00%(upstream:track)%00%(upstream:remotename)%00%(upstream:remoteref) refs/heads/main refs/remotes/main [1ms]
2023-03-04 05:17:20.450 [info] > git status -z -uall [69ms]
2023-03-04 05:17:25.688 [info] > git config --get commit.template [28ms]
2023-03-04 05:17:25.689 [info] No remotes found in the git config file.
2023-03-04 05:17:25.689 [info] > git for-each-ref --format=%(refname)%00%(upstream:short)%00%(objectname)%00%(upstream:track)%00%(upstream:remotename)%00%(upstream:remoteref) refs/heads/main refs/remotes/main [1ms]
2023-03-04 05:17:25.776 [info] > git status -z -uall [66ms]
2023-03-04 05:17:30.984 [info] No remotes found in the git config file.
2023-03-04 05:17:30.984 [info] > git config --get commit.template [31ms]
2023-03-04 05:17:30.985 [info] > git for-each-ref --format=%(refname)%00%(upstream:short)%00%(objectname)%00%(upstream:track)%00%(upstream:remotename)%00%(upstream:remoteref) refs/heads/main refs/remotes/main [1ms]
2023-03-04 05:17:31.072 [info] > git status -z -uall [68ms]
2023-03-04 05:17:36.277 [info] > git config --get commit.template [1ms]
2023-03-04 05:17:36.295 [info] No remotes found in the git config file.
2023-03-04 05:17:36.296 [info] > git for-each-ref --format=%(refname)%00%(upstream:short)%00%(objectname)%00%(upstream:track)%00%(upstream:remotename)%00%(upstream:remoteref) refs/heads/main refs/remotes/main [1ms]
2023-03-04 05:17:36.366 [info] > git status -z -uall [55ms]
2023-03-04 05:17:41.489 [info] > git config --get commit.template [1ms]
2023-03-04 05:17:41.511 [info] No remotes found in the git config file.
2023-03-04 05:17:41.512 [info] > git for-each-ref --format=%(refname)%00%(upstream:short)%00%(objectname)%00%(upstream:track)%00%(upstream:remotename)%00%(upstream:remoteref) refs/heads/main refs/remotes/main [1ms]
2023-03-04 05:17:41.593 [info] > git status -z -uall [64ms]
2023-03-04 05:17:46.783 [info] No remotes found in the git config file.
2023-03-04 05:17:46.806 [info] > git config --get commit.template [24ms]
2023-03-04 05:17:46.807 [info] > git for-each-ref --format=%(refname)%00%(upstream:short)%00%(objectname)%00%(upstream:track)%00%(upstream:remotename)%00%(upstream:remoteref) refs/heads/main refs/remotes/main [2ms]
2023-03-04 05:17:46.894 [info] > git status -z -uall [64ms]
2023-03-04 05:17:52.068 [info] No remotes found in the git config file.
2023-03-04 05:17:52.069 [info] > git config --get commit.template [23ms]
2023-03-04 05:17:52.069 [info] > git for-each-ref --format=%(refname)%00%(upstream:short)%00%(objectname)%00%(upstream:track)%00%(upstream:remotename)%00%(upstream:remoteref) refs/heads/main refs/remotes/main [1ms]
2023-03-04 05:17:52.156 [info] > git status -z -uall [62ms]
2023-03-04 05:17:57.344 [info] > git config --get commit.template [1ms]
2023-03-04 05:17:57.344 [info] No remotes found in the git config file.
2023-03-04 05:17:57.372 [info] > git for-each-ref --format=%(refname)%00%(upstream:short)%00%(objectname)%00%(upstream:track)%00%(upstream:remotename)%00%(upstream:remoteref) refs/heads/main refs/remotes/main [1ms]
2023-03-04 05:17:57.445 [info] > git status -z -uall [54ms]
2023-03-04 05:18:02.630 [info] No remotes found in the git config file.
2023-03-04 05:18:02.630 [info] > git config --get commit.template [25ms]
2023-03-04 05:18:02.631 [info] > git for-each-ref --format=%(refname)%00%(upstream:short)%00%(objectname)%00%(upstream:track)%00%(upstream:remotename)%00%(upstream:remoteref) refs/heads/main refs/remotes/main [1ms]
2023-03-04 05:18:02.715 [info] > git status -z -uall [65ms]
2023-03-04 05:18:07.916 [info] No remotes found in the git config file.
2023-03-04 05:18:07.917 [info] > git config --get commit.template [24ms]
2023-03-04 05:18:07.917 [info] > git for-each-ref --format=%(refname)%00%(upstream:short)%00%(objectname)%00%(upstream:track)%00%(upstream:remotename)%00%(upstream:remoteref) refs/heads/main refs/remotes/main [1ms]
2023-03-04 05:18:07.992 [info] > git status -z -uall [53ms]
2023-03-04 05:18:13.182 [info] No remotes found in the git config file.
2023-03-04 05:18:13.182 [info] > git config --get commit.template [25ms]
2023-03-04 05:18:13.183 [info] > git for-each-ref --format=%(refname)%00%(upstream:short)%00%(objectname)%00%(upstream:track)%00%(upstream:remotename)%00%(upstream:remoteref) refs/heads/main refs/remotes/main [2ms]
2023-03-04 05:18:13.276 [info] > git status -z -uall [70ms]
2023-03-04 05:18:18.435 [info] > git config --get commit.template [1ms]
2023-03-04 05:18:18.448 [info] No remotes found in the git config file.
2023-03-04 05:18:18.448 [info] > git for-each-ref --format=%(refname)%00%(upstream:short)%00%(objectname)%00%(upstream:track)%00%(upstream:remotename)%00%(upstream:remoteref) refs/heads/main refs/remotes/main [1ms]
2023-03-04 05:18:18.515 [info] > git status -z -uall [50ms]
2023-03-04 05:18:23.678 [info] > git config --get commit.template [1ms]
2023-03-04 05:18:23.698 [info] No remotes found in the git config file.
2023-03-04 05:18:23.700 [info] > git for-each-ref --format=%(refname)%00%(upstream:short)%00%(objectname)%00%(upstream:track)%00%(upstream:remotename)%00%(upstream:remoteref) refs/heads/main refs/remotes/main [2ms]
2023-03-04 05:18:23.783 [info] > git status -z -uall [64ms]
2023-03-04 05:18:28.972 [info] > git config --get commit.template [1ms]
2023-03-04 05:18:28.993 [info] No remotes found in the git config file.
2023-03-04 05:18:28.994 [info] > git for-each-ref --format=%(refname)%00%(upstream:short)%00%(objectname)%00%(upstream:track)%00%(upstream:remotename)%00%(upstream:remoteref) refs/heads/main refs/remotes/main [1ms]
2023-03-04 05:18:29.082 [info] > git status -z -uall [66ms]
2023-03-04 05:18:34.276 [info] No remotes found in the git config file.
2023-03-04 05:18:34.277 [info] > git config --get commit.template [28ms]
2023-03-04 05:18:34.278 [info] > git for-each-ref --format=%(refname)%00%(upstream:short)%00%(objectname)%00%(upstream:track)%00%(upstream:remotename)%00%(upstream:remoteref) refs/heads/main refs/remotes/main [2ms]
2023-03-04 05:18:34.366 [info] > git status -z -uall [64ms]
2023-03-04 05:18:39.529 [info] > git config --get commit.template [1ms]
2023-03-04 05:18:39.541 [info] No remotes found in the git config file.
2023-03-04 05:18:39.541 [info] > git for-each-ref --format=%(refname)%00%(upstream:short)%00%(objectname)%00%(upstream:track)%00%(upstream:remotename)%00%(upstream:remoteref) refs/heads/main refs/remotes/main [0ms]
2023-03-04 05:18:39.614 [info] > git status -z -uall [55ms]
2023-03-04 05:18:44.807 [info] > git config --get commit.template [1ms]
2023-03-04 05:18:44.807 [info] No remotes found in the git config file.
2023-03-04 05:18:44.828 [info] > git for-each-ref --format=%(refname)%00%(upstream:short)%00%(objectname)%00%(upstream:track)%00%(upstream:remotename)%00%(upstream:remoteref) refs/heads/main refs/remotes/main [2ms]
2023-03-04 05:18:44.907 [info] > git status -z -uall [61ms]
2023-03-04 05:18:50.105 [info] No remotes found in the git config file.
2023-03-04 05:18:50.106 [info] > git config --get commit.template [24ms]
2023-03-04 05:18:50.106 [info] > git for-each-ref --format=%(refname)%00%(upstream:short)%00%(objectname)%00%(upstream:track)%00%(upstream:remotename)%00%(upstream:remoteref) refs/heads/main refs/remotes/main [1ms]
2023-03-04 05:18:50.191 [info] > git status -z -uall [65ms]
2023-03-04 05:18:55.328 [info] > git config --get commit.template [1ms]
2023-03-04 05:18:55.328 [info] No remotes found in the git config file.
2023-03-04 05:18:55.349 [info] > git for-each-ref --format=%(refname)%00%(upstream:short)%00%(objectname)%00%(upstream:track)%00%(upstream:remotename)%00%(upstream:remoteref) refs/heads/main refs/remotes/main [1ms]
2023-03-04 05:18:55.445 [info] > git status -z -uall [70ms]
2023-03-04 05:19:00.633 [info] > git config --get commit.template [1ms]
2023-03-04 05:19:00.651 [info] No remotes found in the git config file.
2023-03-04 05:19:00.652 [info] > git for-each-ref --format=%(refname)%00%(upstream:short)%00%(objectname)%00%(upstream:track)%00%(upstream:remotename)%00%(upstream:remoteref) refs/heads/main refs/remotes/main [1ms]
2023-03-04 05:19:00.720 [info] > git status -z -uall [51ms]
2023-03-04 05:19:05.892 [info] > git config --get commit.template [1ms]
2023-03-04 05:19:05.910 [info] No remotes found in the git config file.
2023-03-04 05:19:05.911 [info] > git for-each-ref --format=%(refname)%00%(upstream:short)%00%(objectname)%00%(upstream:track)%00%(upstream:remotename)%00%(upstream:remoteref) refs/heads/main refs/remotes/main [1ms]
2023-03-04 05:19:05.987 [info] > git status -z -uall [59ms]
2023-03-04 05:19:11.116 [info] > git config --get commit.template [1ms]
2023-03-04 05:19:11.140 [info] No remotes found in the git config file.
2023-03-04 05:19:11.141 [info] > git for-each-ref --format=%(refname)%00%(upstream:short)%00%(objectname)%00%(upstream:track)%00%(upstream:remotename)%00%(upstream:remoteref) refs/heads/main refs/remotes/main [1ms]
2023-03-04 05:19:11.237 [info] > git status -z -uall [73ms]
2023-03-04 05:19:16.402 [info] > git config --get commit.template [0ms]
2023-03-04 05:19:16.421 [info] No remotes found in the git config file.
2023-03-04 05:19:16.422 [info] > git for-each-ref --format=%(refname)%00%(upstream:short)%00%(objectname)%00%(upstream:track)%00%(upstream:remotename)%00%(upstream:remoteref) refs/heads/main refs/remotes/main [1ms]
2023-03-04 05:19:16.512 [info] > git status -z -uall [64ms]
2023-03-04 05:19:21.679 [info] > git config --get commit.template [1ms]
2023-03-04 05:19:21.679 [info] No remotes found in the git config file.
2023-03-04 05:19:21.697 [info] > git for-each-ref --format=%(refname)%00%(upstream:short)%00%(objectname)%00%(upstream:track)%00%(upstream:remotename)%00%(upstream:remoteref) refs/heads/main refs/remotes/main [1ms]
2023-03-04 05:19:21.764 [info] > git status -z -uall [48ms]
2023-03-04 05:19:26.912 [info] > git config --get commit.template [1ms]
2023-03-04 05:19:26.931 [info] No remotes found in the git config file.
2023-03-04 05:19:26.931 [info] > git for-each-ref --format=%(refname)%00%(upstream:short)%00%(objectname)%00%(upstream:track)%00%(upstream:remotename)%00%(upstream:remoteref) refs/heads/main refs/remotes/main [1ms]
2023-03-04 05:19:27.002 [info] > git status -z -uall [52ms]
2023-03-04 05:19:32.160 [info] > git config --get commit.template [19ms]
2023-03-04 05:19:32.160 [info] No remotes found in the git config file.
2023-03-04 05:19:32.161 [info] > git for-each-ref --format=%(refname)%00%(upstream:short)%00%(objectname)%00%(upstream:track)%00%(upstream:remotename)%00%(upstream:remoteref) refs/heads/main refs/remotes/main [1ms]
2023-03-04 05:19:32.231 [info] > git status -z -uall [53ms]
2023-03-04 05:19:37.423 [info] No remotes found in the git config file.
2023-03-04 05:19:37.423 [info] > git config --get commit.template [20ms]
2023-03-04 05:19:37.424 [info] > git for-each-ref --format=%(refname)%00%(upstream:short)%00%(objectname)%00%(upstream:track)%00%(upstream:remotename)%00%(upstream:remoteref) refs/heads/main refs/remotes/main [1ms]
2023-03-04 05:19:37.500 [info] > git status -z -uall [56ms]
2023-03-04 05:19:42.703 [info] > git config --get commit.template [1ms]
2023-03-04 05:19:42.720 [info] No remotes found in the git config file.
2023-03-04 05:19:42.721 [info] > git for-each-ref --format=%(refname)%00%(upstream:short)%00%(objectname)%00%(upstream:track)%00%(upstream:remotename)%00%(upstream:remoteref) refs/heads/main refs/remotes/main [1ms]
2023-03-04 05:19:42.783 [info] > git status -z -uall [47ms]
2023-03-04 05:19:47.908 [info] > git config --get commit.template [1ms]
2023-03-04 05:19:47.925 [info] No remotes found in the git config file.
2023-03-04 05:19:47.926 [info] > git for-each-ref --format=%(refname)%00%(upstream:short)%00%(objectname)%00%(upstream:track)%00%(upstream:remotename)%00%(upstream:remoteref) refs/heads/main refs/remotes/main [1ms]
2023-03-04 05:19:48.004 [info] > git status -z -uall [58ms]
2023-03-04 05:19:53.176 [info] No remotes found in the git config file.
2023-03-04 05:19:53.196 [info] > git config --get commit.template [21ms]
2023-03-04 05:19:53.196 [info] > git for-each-ref --format=%(refname)%00%(upstream:short)%00%(objectname)%00%(upstream:track)%00%(upstream:remotename)%00%(upstream:remoteref) refs/heads/main refs/remotes/main [0ms]
2023-03-04 05:19:53.282 [info] > git status -z -uall [64ms]
2023-03-04 05:19:58.483 [info] No remotes found in the git config file.
2023-03-04 05:19:58.485 [info] > git for-each-ref --format=%(refname)%00%(upstream:short)%00%(objectname)%00%(upstream:track)%00%(upstream:remotename)%00%(upstream:remoteref) refs/heads/main refs/remotes/main [2ms]
2023-03-04 05:19:58.485 [info] > git config --get commit.template [19ms]
2023-03-04 05:19:58.584 [info] > git status -z -uall [73ms]
2023-03-04 05:20:03.753 [info] > git config --get commit.template [1ms]
2023-03-04 05:20:03.771 [info] No remotes found in the git config file.
2023-03-04 05:20:03.772 [info] > git for-each-ref --format=%(refname)%00%(upstream:short)%00%(objectname)%00%(upstream:track)%00%(upstream:remotename)%00%(upstream:remoteref) refs/heads/main refs/remotes/main [0ms]
2023-03-04 05:20:03.841 [info] > git status -z -uall [52ms]
2023-03-04 05:20:09.056 [info] No remotes found in the git config file.
2023-03-04 05:20:09.057 [info] > git config --get commit.template [30ms]
2023-03-04 05:20:09.058 [info] > git for-each-ref --format=%(refname)%00%(upstream:short)%00%(objectname)%00%(upstream:track)%00%(upstream:remotename)%00%(upstream:remoteref) refs/heads/main refs/remotes/main [1ms]
2023-03-04 05:20:09.175 [info] > git status -z -uall [95ms]
2023-03-04 05:20:14.394 [info] > git config --get commit.template [1ms]
2023-03-04 05:20:14.410 [info] No remotes found in the git config file.
2023-03-04 05:20:14.410 [info] > git for-each-ref --format=%(refname)%00%(upstream:short)%00%(objectname)%00%(upstream:track)%00%(upstream:remotename)%00%(upstream:remoteref) refs/heads/main refs/remotes/main [1ms]
2023-03-04 05:20:14.476 [info] > git status -z -uall [48ms]
2023-03-04 05:20:19.638 [info] > git config --get commit.template [1ms]
2023-03-04 05:20:19.656 [info] No remotes found in the git config file.
2023-03-04 05:20:19.656 [info] > git for-each-ref --format=%(refname)%00%(upstream:short)%00%(objectname)%00%(upstream:track)%00%(upstream:remotename)%00%(upstream:remoteref) refs/heads/main refs/remotes/main [1ms]
2023-03-04 05:20:19.730 [info] > git status -z -uall [55ms]
2023-03-04 05:20:24.914 [info] No remotes found in the git config file.
2023-03-04 05:20:24.915 [info] > git config --get commit.template [24ms]
2023-03-04 05:20:24.915 [info] > git for-each-ref --format=%(refname)%00%(upstream:short)%00%(objectname)%00%(upstream:track)%00%(upstream:remotename)%00%(upstream:remoteref) refs/heads/main refs/remotes/main [1ms]
2023-03-04 05:20:25.012 [info] > git status -z -uall [75ms]
2023-03-04 05:20:30.164 [info] No remotes found in the git config file.
2023-03-04 05:20:30.165 [info] > git config --get commit.template [14ms]
2023-03-04 05:20:30.165 [info] > git for-each-ref --format=%(refname)%00%(upstream:short)%00%(objectname)%00%(upstream:track)%00%(upstream:remotename)%00%(upstream:remoteref) refs/heads/main refs/remotes/main [1ms]
2023-03-04 05:20:30.238 [info] > git status -z -uall [54ms]
2023-03-04 05:20:35.403 [info] > git config --get commit.template [0ms]
2023-03-04 05:20:35.423 [info] No remotes found in the git config file.
2023-03-04 05:20:35.423 [info] > git for-each-ref --format=%(refname)%00%(upstream:short)%00%(objectname)%00%(upstream:track)%00%(upstream:remotename)%00%(upstream:remoteref) refs/heads/main refs/remotes/main [1ms]
2023-03-04 05:20:35.508 [info] > git status -z -uall [63ms]
2023-03-04 05:20:40.675 [info] > git config --get commit.template [3ms]
2023-03-04 05:20:40.696 [info] No remotes found in the git config file.
2023-03-04 05:20:40.696 [info] > git for-each-ref --format=%(refname)%00%(upstream:short)%00%(objectname)%00%(upstream:track)%00%(upstream:remotename)%00%(upstream:remoteref) refs/heads/main refs/remotes/main [1ms]
2023-03-04 05:20:40.772 [info] > git status -z -uall [63ms]
2023-03-04 05:20:45.955 [info] > git config --get commit.template [2ms]
2023-03-04 05:20:45.973 [info] No remotes found in the git config file.
2023-03-04 05:20:45.973 [info] > git for-each-ref --format=%(refname)%00%(upstream:short)%00%(objectname)%00%(upstream:track)%00%(upstream:remotename)%00%(upstream:remoteref) refs/heads/main refs/remotes/main [0ms]
2023-03-04 05:20:46.055 [info] > git status -z -uall [57ms]
2023-03-04 05:20:51.271 [info] No remotes found in the git config file.
2023-03-04 05:20:51.272 [info] > git config --get commit.template [29ms]
2023-03-04 05:20:51.272 [info] > git for-each-ref --format=%(refname)%00%(upstream:short)%00%(objectname)%00%(upstream:track)%00%(upstream:remotename)%00%(upstream:remoteref) refs/heads/main refs/remotes/main [1ms]
2023-03-04 05:20:51.372 [info] > git status -z -uall [72ms]
2023-03-04 05:20:56.569 [info] > git config --get commit.template [1ms]
2023-03-04 05:20:56.587 [info] No remotes found in the git config file.
2023-03-04 05:20:56.587 [info] > git for-each-ref --format=%(refname)%00%(upstream:short)%00%(objectname)%00%(upstream:track)%00%(upstream:remotename)%00%(upstream:remoteref) refs/heads/main refs/remotes/main [1ms]
2023-03-04 05:20:56.660 [info] > git status -z -uall [55ms]
2023-03-04 05:21:01.851 [info] > git config --get commit.template [1ms]
2023-03-04 05:21:01.851 [info] No remotes found in the git config file.
2023-03-04 05:21:01.872 [info] > git for-each-ref --format=%(refname)%00%(upstream:short)%00%(objectname)%00%(upstream:track)%00%(upstream:remotename)%00%(upstream:remoteref) refs/heads/main refs/remotes/main [1ms]
2023-03-04 05:21:01.963 [info] > git status -z -uall [71ms]
2023-03-04 05:21:07.165 [info] > git config --get commit.template [1ms]
2023-03-04 05:21:07.184 [info] No remotes found in the git config file.
2023-03-04 05:21:07.185 [info] > git for-each-ref --format=%(refname)%00%(upstream:short)%00%(objectname)%00%(upstream:track)%00%(upstream:remotename)%00%(upstream:remoteref) refs/heads/main refs/remotes/main [2ms]
2023-03-04 05:21:07.270 [info] > git status -z -uall [67ms]
2023-03-04 05:21:12.487 [info] No remotes found in the git config file.
2023-03-04 05:21:12.507 [info] > git config --get commit.template [21ms]
2023-03-04 05:21:12.508 [info] > git for-each-ref --format=%(refname)%00%(upstream:short)%00%(objectname)%00%(upstream:track)%00%(upstream:remotename)%00%(upstream:remoteref) refs/heads/main refs/remotes/main [2ms]
2023-03-04 05:21:12.594 [info] > git status -z -uall [65ms]
2023-03-04 05:21:50.816 [info] > git config --get commit.template [2ms]
2023-03-04 05:21:50.835 [info] No remotes found in the git config file.
2023-03-04 05:21:50.836 [info] > git for-each-ref --format=%(refname)%00%(upstream:short)%00%(objectname)%00%(upstream:track)%00%(upstream:remotename)%00%(upstream:remoteref) refs/heads/main refs/remotes/main [2ms]
2023-03-04 05:21:50.919 [info] > git status -z -uall [66ms]
2023-03-04 06:12:42.504 [info] No remotes found in the git config file.
2023-03-04 06:12:42.509 [info] > git for-each-ref --format=%(refname)%00%(upstream:short)%00%(objectname)%00%(upstream:track)%00%(upstream:remotename)%00%(upstream:remoteref) refs/heads/main refs/remotes/main [7ms]
2023-03-04 06:12:42.511 [info] > git config --get commit.template [36ms]
2023-03-04 06:12:42.899 [info] > git status -z -uall [370ms]
2023-03-04 06:12:48.269 [info] No remotes found in the git config file.
2023-03-04 06:12:48.270 [info] > git config --get commit.template [20ms]
2023-03-04 06:12:48.270 [info] > git for-each-ref --format=%(refname)%00%(upstream:short)%00%(objectname)%00%(upstream:track)%00%(upstream:remotename)%00%(upstream:remoteref) refs/heads/main refs/remotes/main [1ms]
2023-03-04 06:12:48.364 [info] > git status -z -uall [76ms]
2023-03-04 06:12:53.493 [info] No remotes found in the git config file.
2023-03-04 06:12:53.494 [info] > git config --get commit.template [9ms]
2023-03-04 06:12:53.494 [info] > git for-each-ref --format=%(refname)%00%(upstream:short)%00%(objectname)%00%(upstream:track)%00%(upstream:remotename)%00%(upstream:remoteref) refs/heads/main refs/remotes/main [1ms]
2023-03-04 06:12:53.571 [info] > git status -z -uall [58ms]
2023-03-04 06:12:58.727 [info] No remotes found in the git config file.
2023-03-04 06:12:58.728 [info] > git config --get commit.template [11ms]
2023-03-04 06:12:58.728 [info] > git for-each-ref --format=%(refname)%00%(upstream:short)%00%(objectname)%00%(upstream:track)%00%(upstream:remotename)%00%(upstream:remoteref) refs/heads/main refs/remotes/main [1ms]
2023-03-04 06:12:58.827 [info] > git status -z -uall [80ms]
2023-03-04 06:13:03.957 [info] > git config --get commit.template [1ms]
2023-03-04 06:13:03.976 [info] No remotes found in the git config file.
2023-03-04 06:13:03.976 [info] > git for-each-ref --format=%(refname)%00%(upstream:short)%00%(objectname)%00%(upstream:track)%00%(upstream:remotename)%00%(upstream:remoteref) refs/heads/main refs/remotes/main [1ms]
2023-03-04 06:13:04.040 [info] > git status -z -uall [44ms]
2023-03-04 06:13:09.187 [info] No remotes found in the git config file.
2023-03-04 06:13:09.188 [info] > git config --get commit.template [14ms]
2023-03-04 06:13:09.188 [info] > git for-each-ref --format=%(refname)%00%(upstream:short)%00%(objectname)%00%(upstream:track)%00%(upstream:remotename)%00%(upstream:remoteref) refs/heads/main refs/remotes/main [1ms]
2023-03-04 06:13:09.270 [info] > git status -z -uall [60ms]
2023-03-04 06:13:14.454 [info] No remotes found in the git config file.
2023-03-04 06:13:14.454 [info] > git config --get commit.template [17ms]
2023-03-04 06:13:14.455 [info] > git for-each-ref --format=%(refname)%00%(upstream:short)%00%(objectname)%00%(upstream:track)%00%(upstream:remotename)%00%(upstream:remoteref) refs/heads/main refs/remotes/main [2ms]
2023-03-04 06:13:14.530 [info] > git status -z -uall [54ms]
2023-03-04 06:13:19.694 [info] > git config --get commit.template [1ms]
2023-03-04 06:13:19.713 [info] No remotes found in the git config file.
2023-03-04 06:13:19.715 [info] > git for-each-ref --format=%(refname)%00%(upstream:short)%00%(objectname)%00%(upstream:track)%00%(upstream:remotename)%00%(upstream:remoteref) refs/heads/main refs/remotes/main [3ms]
2023-03-04 06:13:19.800 [info] > git status -z -uall [65ms]
2023-03-04 06:13:25.019 [info] No remotes found in the git config file.
2023-03-04 06:13:25.020 [info] > git config --get commit.template [24ms]
2023-03-04 06:13:25.021 [info] > git for-each-ref --format=%(refname)%00%(upstream:short)%00%(objectname)%00%(upstream:track)%00%(upstream:remotename)%00%(upstream:remoteref) refs/heads/main refs/remotes/main [2ms]
2023-03-04 06:13:25.119 [info] > git status -z -uall [74ms]
2023-03-04 06:13:30.258 [info] No remotes found in the git config file.
2023-03-04 06:13:30.259 [info] > git config --get commit.template [12ms]
2023-03-04 06:13:30.259 [info] > git for-each-ref --format=%(refname)%00%(upstream:short)%00%(objectname)%00%(upstream:track)%00%(upstream:remotename)%00%(upstream:remoteref) refs/heads/main refs/remotes/main [1ms]
2023-03-04 06:13:30.330 [info] > git status -z -uall [56ms]
2023-03-04 06:13:35.455 [info] No remotes found in the git config file.
2023-03-04 06:13:35.456 [info] > git for-each-ref --format=%(refname)%00%(upstream:short)%00%(objectname)%00%(upstream:track)%00%(upstream:remotename)%00%(upstream:remoteref) refs/heads/main refs/remotes/main [1ms]
2023-03-04 06:13:35.456 [info] > git config --get commit.template [20ms]
2023-03-04 06:13:35.543 [info] > git status -z -uall [68ms]
2023-03-04 06:13:40.701 [info] > git config --get commit.template [1ms]
2023-03-04 06:13:40.716 [info] No remotes found in the git config file.
2023-03-04 06:13:40.717 [info] > git for-each-ref --format=%(refname)%00%(upstream:short)%00%(objectname)%00%(upstream:track)%00%(upstream:remotename)%00%(upstream:remoteref) refs/heads/main refs/remotes/main [1ms]
2023-03-04 06:13:40.793 [info] > git status -z -uall [53ms]
2023-03-04 06:13:45.971 [info] No remotes found in the git config file.
2023-03-04 06:13:45.971 [info] > git config --get commit.template [16ms]
2023-03-04 06:13:45.972 [info] > git for-each-ref --format=%(refname)%00%(upstream:short)%00%(objectname)%00%(upstream:track)%00%(upstream:remotename)%00%(upstream:remoteref) refs/heads/main refs/remotes/main [1ms]
2023-03-04 06:13:46.048 [info] > git status -z -uall [55ms]
2023-03-04 06:13:51.210 [info] No remotes found in the git config file.
2023-03-04 06:13:51.231 [info] > git config --get commit.template [21ms]
2023-03-04 06:13:51.232 [info] > git for-each-ref --format=%(refname)%00%(upstream:short)%00%(objectname)%00%(upstream:track)%00%(upstream:remotename)%00%(upstream:remoteref) refs/heads/main refs/remotes/main [1ms]
2023-03-04 06:13:51.300 [info] > git status -z -uall [50ms]
2023-03-04 06:13:56.473 [info] > git config --get commit.template [1ms]
2023-03-04 06:13:56.490 [info] No remotes found in the git config file.
2023-03-04 06:13:56.490 [info] > git for-each-ref --format=%(refname)%00%(upstream:short)%00%(objectname)%00%(upstream:track)%00%(upstream:remotename)%00%(upstream:remoteref) refs/heads/main refs/remotes/main [1ms]
2023-03-04 06:13:56.552 [info] > git status -z -uall [45ms]
2023-03-04 06:14:01.736 [info] No remotes found in the git config file.
2023-03-04 06:14:01.736 [info] > git config --get commit.template [22ms]
2023-03-04 06:14:01.736 [info] > git for-each-ref --format=%(refname)%00%(upstream:short)%00%(objectname)%00%(upstream:track)%00%(upstream:remotename)%00%(upstream:remoteref) refs/heads/main refs/remotes/main [1ms]
2023-03-04 06:14:01.831 [info] > git status -z -uall [74ms]
2023-03-04 06:14:07.017 [info] No remotes found in the git config file.
2023-03-04 06:14:07.018 [info] > git config --get commit.template [27ms]
2023-03-04 06:14:07.018 [info] > git for-each-ref --format=%(refname)%00%(upstream:short)%00%(objectname)%00%(upstream:track)%00%(upstream:remotename)%00%(upstream:remoteref) refs/heads/main refs/remotes/main [1ms]
2023-03-04 06:14:07.100 [info] > git status -z -uall [61ms]
2023-03-04 06:14:12.240 [info] > git config --get commit.template [1ms]
2023-03-04 06:14:12.263 [info] No remotes found in the git config file.
2023-03-04 06:14:12.263 [info] > git for-each-ref --format=%(refname)%00%(upstream:short)%00%(objectname)%00%(upstream:track)%00%(upstream:remotename)%00%(upstream:remoteref) refs/heads/main refs/remotes/main [1ms]
2023-03-04 06:14:12.338 [info] > git status -z -uall [57ms]
2023-03-04 06:14:17.506 [info] No remotes found in the git config file.
2023-03-04 06:14:17.506 [info] > git config --get commit.template [16ms]
2023-03-04 06:14:17.506 [info] > git for-each-ref --format=%(refname)%00%(upstream:short)%00%(objectname)%00%(upstream:track)%00%(upstream:remotename)%00%(upstream:remoteref) refs/heads/main refs/remotes/main [1ms]
2023-03-04 06:14:17.585 [info] > git status -z -uall [59ms]
2023-03-04 06:14:22.770 [info] No remotes found in the git config file.
2023-03-04 06:14:22.771 [info] > git config --get commit.template [23ms]
2023-03-04 06:14:22.771 [info] > git for-each-ref --format=%(refname)%00%(upstream:short)%00%(objectname)%00%(upstream:track)%00%(upstream:remotename)%00%(upstream:remoteref) refs/heads/main refs/remotes/main [1ms]
2023-03-04 06:14:22.858 [info] > git status -z -uall [61ms]
2023-03-04 06:14:28.053 [info] > git config --get commit.template [1ms]
2023-03-04 06:14:28.071 [info] No remotes found in the git config file.
2023-03-04 06:14:28.071 [info] > git for-each-ref --format=%(refname)%00%(upstream:short)%00%(objectname)%00%(upstream:track)%00%(upstream:remotename)%00%(upstream:remoteref) refs/heads/main refs/remotes/main [1ms]
2023-03-04 06:14:28.131 [info] > git status -z -uall [43ms]
2023-03-04 06:14:33.301 [info] > git config --get commit.template [1ms]
2023-03-04 06:14:33.319 [info] No remotes found in the git config file.
2023-03-04 06:14:33.320 [info] > git for-each-ref --format=%(refname)%00%(upstream:short)%00%(objectname)%00%(upstream:track)%00%(upstream:remotename)%00%(upstream:remoteref) refs/heads/main refs/remotes/main [1ms]
2023-03-04 06:14:33.387 [info] > git status -z -uall [50ms]
2023-03-04 06:14:38.562 [info] > git config --get commit.template [1ms]
2023-03-04 06:14:38.587 [info] No remotes found in the git config file.
2023-03-04 06:14:38.589 [info] > git for-each-ref --format=%(refname)%00%(upstream:short)%00%(objectname)%00%(upstream:track)%00%(upstream:remotename)%00%(upstream:remoteref) refs/heads/main refs/remotes/main [2ms]
2023-03-04 06:14:38.670 [info] > git status -z -uall [58ms]
2023-03-04 06:14:43.889 [info] No remotes found in the git config file.
2023-03-04 06:14:43.890 [info] > git config --get commit.template [32ms]
2023-03-04 06:14:43.890 [info] > git for-each-ref --format=%(refname)%00%(upstream:short)%00%(objectname)%00%(upstream:track)%00%(upstream:remotename)%00%(upstream:remoteref) refs/heads/main refs/remotes/main [1ms]
2023-03-04 06:14:43.993 [info] > git status -z -uall [82ms]
2023-03-04 06:14:49.218 [info] > git config --get commit.template [1ms]
2023-03-04 06:14:49.234 [info] No remotes found in the git config file.
2023-03-04 06:14:49.235 [info] > git for-each-ref --format=%(refname)%00%(upstream:short)%00%(objectname)%00%(upstream:track)%00%(upstream:remotename)%00%(upstream:remoteref) refs/heads/main refs/remotes/main [1ms]
2023-03-04 06:14:49.298 [info] > git status -z -uall [49ms]
2023-03-04 06:14:54.492 [info] No remotes found in the git config file.
2023-03-04 06:14:54.493 [info] > git config --get commit.template [20ms]
2023-03-04 06:14:54.493 [info] > git for-each-ref --format=%(refname)%00%(upstream:short)%00%(objectname)%00%(upstream:track)%00%(upstream:remotename)%00%(upstream:remoteref) refs/heads/main refs/remotes/main [1ms]
2023-03-04 06:14:54.571 [info] > git status -z -uall [61ms]
2023-03-04 06:14:59.780 [info] No remotes found in the git config file.
2023-03-04 06:14:59.781 [info] > git config --get commit.template [27ms]
2023-03-04 06:14:59.781 [info] > git for-each-ref --format=%(refname)%00%(upstream:short)%00%(objectname)%00%(upstream:track)%00%(upstream:remotename)%00%(upstream:remoteref) refs/heads/main refs/remotes/main [1ms]
2023-03-04 06:14:59.873 [info] > git status -z -uall [67ms]
2023-03-04 06:15:05.094 [info] No remotes found in the git config file.
2023-03-04 06:15:05.095 [info] > git config --get commit.template [21ms]
2023-03-04 06:15:05.095 [info] > git for-each-ref --format=%(refname)%00%(upstream:short)%00%(objectname)%00%(upstream:track)%00%(upstream:remotename)%00%(upstream:remoteref) refs/heads/main refs/remotes/main [2ms]
2023-03-04 06:15:05.185 [info] > git status -z -uall [63ms]
2023-03-04 06:15:10.381 [info] > git config --get commit.template [1ms]
2023-03-04 06:15:10.398 [info] No remotes found in the git config file.
2023-03-04 06:15:10.398 [info] > git for-each-ref --format=%(refname)%00%(upstream:short)%00%(objectname)%00%(upstream:track)%00%(upstream:remotename)%00%(upstream:remoteref) refs/heads/main refs/remotes/main [1ms]
2023-03-04 06:15:10.463 [info] > git status -z -uall [46ms]
2023-03-04 06:15:15.602 [info] No remotes found in the git config file.
2023-03-04 06:15:15.624 [info] > git config --get commit.template [22ms]
2023-03-04 06:15:15.624 [info] > git for-each-ref --format=%(refname)%00%(upstream:short)%00%(objectname)%00%(upstream:track)%00%(upstream:remotename)%00%(upstream:remoteref) refs/heads/main refs/remotes/main [1ms]
2023-03-04 06:15:15.720 [info] > git status -z -uall [76ms]
2023-03-04 06:15:20.921 [info] No remotes found in the git config file.
2023-03-04 06:15:20.922 [info] > git config --get commit.template [34ms]
2023-03-04 06:15:20.922 [info] > git for-each-ref --format=%(refname)%00%(upstream:short)%00%(objectname)%00%(upstream:track)%00%(upstream:remotename)%00%(upstream:remoteref) refs/heads/main refs/remotes/main [2ms]
2023-03-04 06:15:21.018 [info] > git status -z -uall [73ms]
2023-03-04 06:15:26.206 [info] No remotes found in the git config file.
2023-03-04 06:15:26.206 [info] > git config --get commit.template [15ms]
2023-03-04 06:15:26.206 [info] > git for-each-ref --format=%(refname)%00%(upstream:short)%00%(objectname)%00%(upstream:track)%00%(upstream:remotename)%00%(upstream:remoteref) refs/heads/main refs/remotes/main [1ms]
2023-03-04 06:15:26.296 [info] > git status -z -uall [67ms]
2023-03-04 06:15:39.909 [info] No remotes found in the git config file.
2023-03-04 06:15:39.951 [info] > git config --get commit.template [43ms]
2023-03-04 06:15:39.952 [info] > git for-each-ref --format=%(refname)%00%(upstream:short)%00%(objectname)%00%(upstream:track)%00%(upstream:remotename)%00%(upstream:remoteref) refs/heads/main refs/remotes/main [2ms]
2023-03-04 06:15:40.081 [info] > git status -z -uall [94ms]
2023-03-04 06:15:45.319 [info] No remotes found in the git config file.
2023-03-04 06:15:45.320 [info] > git config --get commit.template [11ms]
2023-03-04 06:15:45.320 [info] > git for-each-ref --format=%(refname)%00%(upstream:short)%00%(objectname)%00%(upstream:track)%00%(upstream:remotename)%00%(upstream:remoteref) refs/heads/main refs/remotes/main [2ms]
2023-03-04 06:15:45.396 [info] > git status -z -uall [56ms]
2023-03-04 06:15:50.560 [info] > git config --get commit.template [1ms]
2023-03-04 06:15:50.561 [info] No remotes found in the git config file.
2023-03-04 06:15:50.583 [info] > git for-each-ref --format=%(refname)%00%(upstream:short)%00%(objectname)%00%(upstream:track)%00%(upstream:remotename)%00%(upstream:remoteref) refs/heads/main refs/remotes/main [0ms]
2023-03-04 06:15:50.679 [info] > git status -z -uall [71ms]
2023-03-04 06:15:55.857 [info] > git config --get commit.template [1ms]
2023-03-04 06:15:55.867 [info] No remotes found in the git config file.
2023-03-04 06:15:55.868 [info] > git for-each-ref --format=%(refname)%00%(upstream:short)%00%(objectname)%00%(upstream:track)%00%(upstream:remotename)%00%(upstream:remoteref) refs/heads/main refs/remotes/main [1ms]
2023-03-04 06:15:55.943 [info] > git status -z -uall [61ms]
2023-03-04 06:16:01.124 [info] No remotes found in the git config file.
2023-03-04 06:16:01.125 [info] > git config --get commit.template [18ms]
2023-03-04 06:16:01.125 [info] > git for-each-ref --format=%(refname)%00%(upstream:short)%00%(objectname)%00%(upstream:track)%00%(upstream:remotename)%00%(upstream:remoteref) refs/heads/main refs/remotes/main [1ms]
2023-03-04 06:16:01.213 [info] > git status -z -uall [62ms]
2023-03-04 06:16:06.401 [info] No remotes found in the git config file.
2023-03-04 06:16:06.401 [info] > git config --get commit.template [22ms]
2023-03-04 06:16:06.403 [info] > git for-each-ref --format=%(refname)%00%(upstream:short)%00%(objectname)%00%(upstream:track)%00%(upstream:remotename)%00%(upstream:remoteref) refs/heads/main refs/remotes/main [3ms]
2023-03-04 06:16:06.507 [info] > git status -z -uall [79ms]
2023-03-04 06:16:11.715 [info] No remotes found in the git config file.
2023-03-04 06:16:11.751 [info] > git config --get commit.template [35ms]
2023-03-04 06:16:11.752 [info] > git for-each-ref --format=%(refname)%00%(upstream:short)%00%(objectname)%00%(upstream:track)%00%(upstream:remotename)%00%(upstream:remoteref) refs/heads/main refs/remotes/main [2ms]
2023-03-04 06:16:11.838 [info] > git status -z -uall [62ms]
2023-03-04 06:16:16.988 [info] No remotes found in the git config file.
2023-03-04 06:16:17.017 [info] > git config --get commit.template [30ms]
2023-03-04 06:16:17.019 [info] > git for-each-ref --format=%(refname)%00%(upstream:short)%00%(objectname)%00%(upstream:track)%00%(upstream:remotename)%00%(upstream:remoteref) refs/heads/main refs/remotes/main [3ms]
2023-03-04 06:16:17.128 [info] > git status -z -uall [76ms]
2023-03-04 06:16:18.853 [info] > git show --textconv :my_list.html [78ms]
2023-03-04 06:16:18.853 [info] > git ls-files --stage -- /home/dorybrown/my_list.html [65ms]
2023-03-04 06:16:18.877 [info] > git check-ignore -v -z --stdin [2ms]
2023-03-04 06:16:22.312 [info] No remotes found in the git config file.
2023-03-04 06:16:22.313 [info] > git config --get commit.template [12ms]
2023-03-04 06:16:22.313 [info] > git for-each-ref --format=%(refname)%00%(upstream:short)%00%(objectname)%00%(upstream:track)%00%(upstream:remotename)%00%(upstream:remoteref) refs/heads/main refs/remotes/main [1ms]
2023-03-04 06:16:22.389 [info] > git status -z -uall [57ms]
2023-03-04 06:16:28.694 [info] > git config --get commit.template [1ms]
2023-03-04 06:16:28.709 [info] No remotes found in the git config file.
2023-03-04 06:16:28.710 [info] > git for-each-ref --format=%(refname)%00%(upstream:short)%00%(objectname)%00%(upstream:track)%00%(upstream:remotename)%00%(upstream:remoteref) refs/heads/main refs/remotes/main [1ms]
2023-03-04 06:16:28.791 [info] > git status -z -uall [63ms]
2023-03-04 06:16:33.937 [info] No remotes found in the git config file.
2023-03-04 06:16:33.937 [info] > git config --get commit.template [18ms]
2023-03-04 06:16:33.940 [info] > git for-each-ref --format=%(refname)%00%(upstream:short)%00%(objectname)%00%(upstream:track)%00%(upstream:remotename)%00%(upstream:remoteref) refs/heads/main refs/remotes/main [4ms]
2023-03-04 06:16:34.042 [info] > git status -z -uall [80ms]
2023-03-04 06:16:39.171 [info] > git config --get commit.template [1ms]
2023-03-04 06:16:39.183 [info] No remotes found in the git config file.
2023-03-04 06:16:39.183 [info] > git for-each-ref --format=%(refname)%00%(upstream:short)%00%(objectname)%00%(upstream:track)%00%(upstream:remotename)%00%(upstream:remoteref) refs/heads/main refs/remotes/main [0ms]
2023-03-04 06:16:39.262 [info] > git status -z -uall [60ms]
2023-03-04 06:16:44.413 [info] No remotes found in the git config file.
2023-03-04 06:16:44.414 [info] > git config --get commit.template [14ms]
2023-03-04 06:16:44.417 [info] > git for-each-ref --format=%(refname)%00%(upstream:short)%00%(objectname)%00%(upstream:track)%00%(upstream:remotename)%00%(upstream:remoteref) refs/heads/main refs/remotes/main [4ms]
2023-03-04 06:16:44.509 [info] > git status -z -uall [68ms]
2023-03-04 07:14:22.779 [info] > git config --get commit.template [79ms]
2023-03-04 07:14:22.802 [info] No remotes found in the git config file.
2023-03-04 07:14:22.823 [info] > git for-each-ref --format=%(refname)%00%(upstream:short)%00%(objectname)%00%(upstream:track)%00%(upstream:remotename)%00%(upstream:remoteref) refs/heads/main refs/remotes/main [23ms]
2023-03-04 07:14:23.478 [info] > git status -z -uall [620ms]
2023-03-04 07:14:32.742 [info] > git config --get commit.template [10ms]
2023-03-04 07:14:32.782 [info] No remotes found in the git config file.
2023-03-04 07:14:32.793 [info] > git for-each-ref --format=%(refname)%00%(upstream:short)%00%(objectname)%00%(upstream:track)%00%(upstream:remotename)%00%(upstream:remoteref) refs/heads/main refs/remotes/main [10ms]
2023-03-04 07:14:32.952 [info] > git status -z -uall [122ms]
