2023-03-07 22:59:49.374 [info] Extension host with pid 508 started
2023-03-07 22:59:49.386 [info] Lock '/home/dorybrown/.vscode-server/data/User/workspaceStorage/e26b4b3fbfa0d43f275c8a7aefbaec0b/vscode.lock': Lock acquired.
2023-03-07 22:59:49.412 [info] ExtensionService#_doActivateExtension vscode.emmet, startup: false, activationEvent: 'onLanguage'
2023-03-07 22:59:49.413 [info] ExtensionService#_doActivateExtension vscode.html-language-features, startup: false, activationEvent: 'onLanguage:html'
2023-03-07 22:59:49.414 [info] ExtensionService#_doActivateExtension vscode.git-base, startup: true, activationEvent: '*', root cause: vscode.git
2023-03-07 22:59:49.542 [info] ExtensionService#_doActivateExtension vscode.git, startup: true, activationEvent: '*'
2023-03-07 22:59:49.542 [info] ExtensionService#_doActivateExtension vscode.github, startup: true, activationEvent: '*'
2023-03-07 22:59:49.647 [info] Eager extensions activated
2023-03-07 22:59:49.647 [info] ExtensionService#_doActivateExtension vscode.debug-auto-launch, startup: false, activationEvent: 'onStartupFinished'
2023-03-07 22:59:49.648 [info] ExtensionService#_doActivateExtension vscode.merge-conflict, startup: false, activationEvent: 'onStartupFinished'
2023-03-07 22:59:50.041 [warning] [Decorations] CAPPING events from decorations provider vscode.git 6750
2023-03-07 22:59:50.824 [warning] [Decorations] CAPPING events from decorations provider vscode.git 6750
2023-03-07 22:59:56.874 [warning] [Decorations] CAPPING events from decorations provider vscode.git 6750
2023-03-07 23:00:02.879 [warning] [Decorations] CAPPING events from decorations provider vscode.git 6750
2023-03-07 23:00:08.033 [warning] [Decorations] CAPPING events from decorations provider vscode.git 6750
2023-03-07 23:00:13.174 [warning] [Decorations] CAPPING events from decorations provider vscode.git 6750
2023-03-07 23:00:18.309 [warning] [Decorations] CAPPING events from decorations provider vscode.git 6750
2023-03-07 23:00:23.430 [warning] [Decorations] CAPPING events from decorations provider vscode.git 6750
2023-03-07 23:00:29.176 [warning] [Decorations] CAPPING events from decorations provider vscode.git 6750
2023-03-07 23:00:36.628 [warning] [Decorations] CAPPING events from decorations provider vscode.git 6750
2023-03-07 23:00:41.747 [warning] [Decorations] CAPPING events from decorations provider vscode.git 6750
2023-03-07 23:00:46.881 [warning] [Decorations] CAPPING events from decorations provider vscode.git 6750
2023-03-07 23:00:52.008 [warning] [Decorations] CAPPING events from decorations provider vscode.git 6750
2023-03-07 23:00:57.141 [warning] [Decorations] CAPPING events from decorations provider vscode.git 6750
2023-03-07 23:01:02.293 [warning] [Decorations] CAPPING events from decorations provider vscode.git 6750
2023-03-07 23:01:07.412 [warning] [Decorations] CAPPING events from decorations provider vscode.git 6750
2023-03-07 23:02:23.036 [warning] [Decorations] CAPPING events from decorations provider vscode.git 6750
2023-03-07 23:02:28.176 [warning] [Decorations] CAPPING events from decorations provider vscode.git 6750
2023-03-07 23:02:33.319 [warning] [Decorations] CAPPING events from decorations provider vscode.git 6750
2023-03-07 23:02:38.466 [warning] [Decorations] CAPPING events from decorations provider vscode.git 6750
2023-03-07 23:02:43.595 [warning] [Decorations] CAPPING events from decorations provider vscode.git 6750
2023-03-07 23:02:56.053 [warning] [Decorations] CAPPING events from decorations provider vscode.git 6750
2023-03-07 23:03:01.177 [warning] [Decorations] CAPPING events from decorations provider vscode.git 6750
2023-03-07 23:03:06.319 [warning] [Decorations] CAPPING events from decorations provider vscode.git 6750
2023-03-07 23:03:11.448 [warning] [Decorations] CAPPING events from decorations provider vscode.git 6750
2023-03-07 23:03:16.591 [warning] [Decorations] CAPPING events from decorations provider vscode.git 6750
2023-03-07 23:03:21.763 [warning] [Decorations] CAPPING events from decorations provider vscode.git 6750
2023-03-07 23:03:26.884 [warning] [Decorations] CAPPING events from decorations provider vscode.git 6750
2023-03-07 23:03:34.885 [warning] [Decorations] CAPPING events from decorations provider vscode.git 6750
2023-03-07 23:03:40.020 [warning] [Decorations] CAPPING events from decorations provider vscode.git 6750
2023-03-07 23:03:45.158 [warning] [Decorations] CAPPING events from decorations provider vscode.git 6750
2023-03-07 23:03:50.276 [warning] [Decorations] CAPPING events from decorations provider vscode.git 6750
2023-03-07 23:04:20.366 [warning] [Decorations] CAPPING events from decorations provider vscode.git 6750
2023-03-07 23:04:25.494 [warning] [Decorations] CAPPING events from decorations provider vscode.git 6750
2023-03-07 23:04:30.618 [warning] [Decorations] CAPPING events from decorations provider vscode.git 6750
2023-03-07 23:04:35.782 [warning] [Decorations] CAPPING events from decorations provider vscode.git 6750
2023-03-07 23:04:40.914 [warning] [Decorations] CAPPING events from decorations provider vscode.git 6750
2023-03-07 23:04:46.032 [warning] [Decorations] CAPPING events from decorations provider vscode.git 6750
2023-03-07 23:04:51.169 [warning] [Decorations] CAPPING events from decorations provider vscode.git 6750
2023-03-07 23:04:56.315 [warning] [Decorations] CAPPING events from decorations provider vscode.git 6750
2023-03-07 23:05:01.478 [warning] [Decorations] CAPPING events from decorations provider vscode.git 6750
2023-03-07 23:05:06.600 [warning] [Decorations] CAPPING events from decorations provider vscode.git 6750
2023-03-07 23:05:11.739 [warning] [Decorations] CAPPING events from decorations provider vscode.git 6750
2023-03-07 23:05:16.874 [warning] [Decorations] CAPPING events from decorations provider vscode.git 6750
2023-03-07 23:05:22.027 [warning] [Decorations] CAPPING events from decorations provider vscode.git 6750
2023-03-07 23:05:27.233 [warning] [Decorations] CAPPING events from decorations provider vscode.git 6750
2023-03-07 23:05:32.354 [warning] [Decorations] CAPPING events from decorations provider vscode.git 6750
2023-03-07 23:05:37.492 [warning] [Decorations] CAPPING events from decorations provider vscode.git 6750
2023-03-07 23:05:42.640 [warning] [Decorations] CAPPING events from decorations provider vscode.git 6750
2023-03-07 23:05:47.787 [warning] [Decorations] CAPPING events from decorations provider vscode.git 6750
2023-03-07 23:05:52.962 [warning] [Decorations] CAPPING events from decorations provider vscode.git 6750
2023-03-07 23:05:58.100 [warning] [Decorations] CAPPING events from decorations provider vscode.git 6750
2023-03-07 23:06:03.239 [warning] [Decorations] CAPPING events from decorations provider vscode.git 6750
2023-03-07 23:06:08.399 [warning] [Decorations] CAPPING events from decorations provider vscode.git 6750
2023-03-07 23:06:13.536 [warning] [Decorations] CAPPING events from decorations provider vscode.git 6750
2023-03-07 23:06:18.718 [warning] [Decorations] CAPPING events from decorations provider vscode.git 6750
2023-03-07 23:06:23.835 [warning] [Decorations] CAPPING events from decorations provider vscode.git 6750
2023-03-07 23:06:28.968 [warning] [Decorations] CAPPING events from decorations provider vscode.git 6750
2023-03-07 23:06:34.102 [warning] [Decorations] CAPPING events from decorations provider vscode.git 6750
2023-03-07 23:06:39.247 [warning] [Decorations] CAPPING events from decorations provider vscode.git 6750
2023-03-07 23:06:44.430 [warning] [Decorations] CAPPING events from decorations provider vscode.git 6750
2023-03-07 23:06:49.566 [warning] [Decorations] CAPPING events from decorations provider vscode.git 6750
2023-03-07 23:06:54.711 [warning] [Decorations] CAPPING events from decorations provider vscode.git 6750
2023-03-07 23:06:59.852 [warning] [Decorations] CAPPING events from decorations provider vscode.git 6750
2023-03-07 23:07:05.008 [warning] [Decorations] CAPPING events from decorations provider vscode.git 6750
2023-03-07 23:07:10.134 [warning] [Decorations] CAPPING events from decorations provider vscode.git 6750
2023-03-07 23:07:15.261 [warning] [Decorations] CAPPING events from decorations provider vscode.git 6750
2023-03-07 23:07:20.390 [warning] [Decorations] CAPPING events from decorations provider vscode.git 6750
2023-03-07 23:07:25.534 [warning] [Decorations] CAPPING events from decorations provider vscode.git 6750
2023-03-07 23:07:30.702 [warning] [Decorations] CAPPING events from decorations provider vscode.git 6750
2023-03-07 23:07:35.842 [warning] [Decorations] CAPPING events from decorations provider vscode.git 6750
2023-03-07 23:07:40.976 [warning] [Decorations] CAPPING events from decorations provider vscode.git 6750
2023-03-07 23:07:46.110 [warning] [Decorations] CAPPING events from decorations provider vscode.git 6750
2023-03-07 23:07:51.261 [warning] [Decorations] CAPPING events from decorations provider vscode.git 6750
2023-03-07 23:07:56.404 [warning] [Decorations] CAPPING events from decorations provider vscode.git 6750
2023-03-07 23:08:01.599 [warning] [Decorations] CAPPING events from decorations provider vscode.git 6750
2023-03-07 23:08:06.732 [warning] [Decorations] CAPPING events from decorations provider vscode.git 6750
2023-03-07 23:08:11.893 [warning] [Decorations] CAPPING events from decorations provider vscode.git 6750
2023-03-07 23:08:17.051 [warning] [Decorations] CAPPING events from decorations provider vscode.git 6750
2023-03-07 23:08:22.218 [warning] [Decorations] CAPPING events from decorations provider vscode.git 6750
2023-03-07 23:08:27.370 [warning] [Decorations] CAPPING events from decorations provider vscode.git 6750
2023-03-07 23:08:32.509 [warning] [Decorations] CAPPING events from decorations provider vscode.git 6750
2023-03-07 23:08:37.642 [warning] [Decorations] CAPPING events from decorations provider vscode.git 6750
2023-03-07 23:08:42.785 [warning] [Decorations] CAPPING events from decorations provider vscode.git 6750
2023-03-07 23:08:47.926 [warning] [Decorations] CAPPING events from decorations provider vscode.git 6750
2023-03-07 23:08:53.102 [warning] [Decorations] CAPPING events from decorations provider vscode.git 6750
2023-03-07 23:08:58.233 [warning] [Decorations] CAPPING events from decorations provider vscode.git 6750
2023-03-07 23:09:03.377 [warning] [Decorations] CAPPING events from decorations provider vscode.git 6752
2023-03-07 23:10:17.028 [warning] [Decorations] CAPPING events from decorations provider vscode.git 6752
2023-03-07 23:10:22.156 [warning] [Decorations] CAPPING events from decorations provider vscode.git 6752
2023-03-07 23:10:27.314 [warning] [Decorations] CAPPING events from decorations provider vscode.git 6752
2023-03-07 23:10:35.716 [warning] [Decorations] CAPPING events from decorations provider vscode.git 6752
2023-03-07 23:10:40.863 [warning] [Decorations] CAPPING events from decorations provider vscode.git 6752
2023-03-07 23:10:46.001 [warning] [Decorations] CAPPING events from decorations provider vscode.git 6752
2023-03-07 23:10:51.140 [warning] [Decorations] CAPPING events from decorations provider vscode.git 6752
2023-03-07 23:10:56.281 [warning] [Decorations] CAPPING events from decorations provider vscode.git 6752
2023-03-07 23:11:01.480 [warning] [Decorations] CAPPING events from decorations provider vscode.git 6752
2023-03-07 23:11:06.596 [warning] [Decorations] CAPPING events from decorations provider vscode.git 6752
2023-03-07 23:11:11.725 [warning] [Decorations] CAPPING events from decorations provider vscode.git 6752
2023-03-07 23:11:16.853 [warning] [Decorations] CAPPING events from decorations provider vscode.git 6752
2023-03-07 23:11:22.006 [warning] [Decorations] CAPPING events from decorations provider vscode.git 6752
2023-03-07 23:11:27.927 [warning] [Decorations] CAPPING events from decorations provider vscode.git 6752
2023-03-07 23:12:23.700 [warning] [Decorations] CAPPING events from decorations provider vscode.git 6753
2023-03-07 23:12:28.833 [warning] [Decorations] CAPPING events from decorations provider vscode.git 6753
2023-03-07 23:12:33.969 [warning] [Decorations] CAPPING events from decorations provider vscode.git 6753
2023-03-07 23:12:39.138 [warning] [Decorations] CAPPING events from decorations provider vscode.git 6753
2023-03-07 23:12:44.267 [warning] [Decorations] CAPPING events from decorations provider vscode.git 6753
2023-03-07 23:12:49.395 [warning] [Decorations] CAPPING events from decorations provider vscode.git 6753
2023-03-07 23:12:54.532 [warning] [Decorations] CAPPING events from decorations provider vscode.git 6753
2023-03-07 23:12:59.681 [warning] [Decorations] CAPPING events from decorations provider vscode.git 6753
2023-03-07 23:13:04.825 [warning] [Decorations] CAPPING events from decorations provider vscode.git 6753
2023-03-07 23:13:09.952 [warning] [Decorations] CAPPING events from decorations provider vscode.git 6753
2023-03-07 23:13:15.084 [warning] [Decorations] CAPPING events from decorations provider vscode.git 6753
2023-03-07 23:13:20.218 [warning] [Decorations] CAPPING events from decorations provider vscode.git 6753
2023-03-07 23:13:25.364 [warning] [Decorations] CAPPING events from decorations provider vscode.git 6753
2023-03-07 23:13:30.492 [warning] [Decorations] CAPPING events from decorations provider vscode.git 6753
2023-03-07 23:13:35.632 [warning] [Decorations] CAPPING events from decorations provider vscode.git 6753
2023-03-07 23:13:40.766 [warning] [Decorations] CAPPING events from decorations provider vscode.git 6753
2023-03-07 23:13:45.904 [warning] [Decorations] CAPPING events from decorations provider vscode.git 6753
2023-03-07 23:13:51.055 [warning] [Decorations] CAPPING events from decorations provider vscode.git 6753
2023-03-07 23:13:56.215 [warning] [Decorations] CAPPING events from decorations provider vscode.git 6753
2023-03-07 23:14:01.380 [warning] [Decorations] CAPPING events from decorations provider vscode.git 6753
2023-03-07 23:14:06.520 [warning] [Decorations] CAPPING events from decorations provider vscode.git 6753
2023-03-07 23:14:11.642 [warning] [Decorations] CAPPING events from decorations provider vscode.git 6753
2023-03-07 23:14:16.802 [warning] [Decorations] CAPPING events from decorations provider vscode.git 6753
2023-03-07 23:14:21.961 [warning] [Decorations] CAPPING events from decorations provider vscode.git 6753
2023-03-07 23:14:27.126 [warning] [Decorations] CAPPING events from decorations provider vscode.git 6753
2023-03-07 23:14:32.276 [warning] [Decorations] CAPPING events from decorations provider vscode.git 6753
2023-03-07 23:14:37.420 [warning] [Decorations] CAPPING events from decorations provider vscode.git 6753
2023-03-07 23:14:45.788 [warning] [Decorations] CAPPING events from decorations provider vscode.git 6753
2023-03-07 23:14:50.950 [warning] [Decorations] CAPPING events from decorations provider vscode.git 6753
2023-03-07 23:14:56.106 [warning] [Decorations] CAPPING events from decorations provider vscode.git 6753
2023-03-07 23:15:01.281 [warning] [Decorations] CAPPING events from decorations provider vscode.git 6754
2023-03-07 23:15:25.971 [warning] [Decorations] CAPPING events from decorations provider vscode.git 6754
2023-03-07 23:15:31.106 [warning] [Decorations] CAPPING events from decorations provider vscode.git 6754
2023-03-07 23:15:36.223 [warning] [Decorations] CAPPING events from decorations provider vscode.git 6754
2023-03-07 23:15:41.367 [warning] [Decorations] CAPPING events from decorations provider vscode.git 6754
2023-03-07 23:15:46.488 [warning] [Decorations] CAPPING events from decorations provider vscode.git 6754
2023-03-07 23:15:51.614 [warning] [Decorations] CAPPING events from decorations provider vscode.git 6754
2023-03-07 23:15:56.755 [warning] [Decorations] CAPPING events from decorations provider vscode.git 6754
2023-03-07 23:16:01.939 [warning] [Decorations] CAPPING events from decorations provider vscode.git 6754
2023-03-07 23:16:07.067 [warning] [Decorations] CAPPING events from decorations provider vscode.git 6754
2023-03-07 23:16:12.217 [warning] [Decorations] CAPPING events from decorations provider vscode.git 6754
2023-03-07 23:16:17.372 [warning] [Decorations] CAPPING events from decorations provider vscode.git 6755
2023-03-07 23:16:22.522 [warning] [Decorations] CAPPING events from decorations provider vscode.git 6755
2023-03-07 23:16:27.705 [warning] [Decorations] CAPPING events from decorations provider vscode.git 6755
2023-03-07 23:16:32.845 [warning] [Decorations] CAPPING events from decorations provider vscode.git 6755
2023-03-07 23:25:02.841 [warning] [Decorations] CAPPING events from decorations provider vscode.git 6755
2023-03-07 23:25:09.369 [warning] [Decorations] CAPPING events from decorations provider vscode.git 6755
2023-03-07 23:25:14.516 [warning] [Decorations] CAPPING events from decorations provider vscode.git 6755
2023-03-07 23:25:19.677 [warning] [Decorations] CAPPING events from decorations provider vscode.git 6754
2023-03-07 23:25:24.804 [warning] [Decorations] CAPPING events from decorations provider vscode.git 6754
2023-03-07 23:27:22.351 [warning] [Decorations] CAPPING events from decorations provider vscode.git 6754
2023-03-07 23:27:27.485 [warning] [Decorations] CAPPING events from decorations provider vscode.git 6754
2023-03-07 23:27:32.621 [warning] [Decorations] CAPPING events from decorations provider vscode.git 6754
2023-03-07 23:27:37.778 [warning] [Decorations] CAPPING events from decorations provider vscode.git 6754
2023-03-07 23:30:11.509 [warning] [Decorations] CAPPING events from decorations provider vscode.git 6755
2023-03-07 23:30:16.637 [warning] [Decorations] CAPPING events from decorations provider vscode.git 6755
2023-03-07 23:30:21.770 [warning] [Decorations] CAPPING events from decorations provider vscode.git 6755
2023-03-07 23:30:26.944 [warning] [Decorations] CAPPING events from decorations provider vscode.git 6755
2023-03-07 23:30:32.077 [warning] [Decorations] CAPPING events from decorations provider vscode.git 6755
2023-03-07 23:30:37.209 [warning] [Decorations] CAPPING events from decorations provider vscode.git 6755
2023-03-07 23:30:42.342 [warning] [Decorations] CAPPING events from decorations provider vscode.git 6755
2023-03-07 23:30:47.481 [warning] [Decorations] CAPPING events from decorations provider vscode.git 6755
2023-03-07 23:30:52.679 [warning] [Decorations] CAPPING events from decorations provider vscode.git 6755
2023-03-07 23:30:57.795 [warning] [Decorations] CAPPING events from decorations provider vscode.git 6755
2023-03-07 23:31:02.927 [warning] [Decorations] CAPPING events from decorations provider vscode.git 6755
2023-03-07 23:31:08.074 [warning] [Decorations] CAPPING events from decorations provider vscode.git 6755
2023-03-07 23:31:13.219 [warning] [Decorations] CAPPING events from decorations provider vscode.git 6755
2023-03-07 23:31:18.393 [warning] [Decorations] CAPPING events from decorations provider vscode.git 6755
2023-03-07 23:31:23.529 [warning] [Decorations] CAPPING events from decorations provider vscode.git 6757
2023-03-07 23:31:28.665 [warning] [Decorations] CAPPING events from decorations provider vscode.git 6757
2023-03-07 23:31:33.825 [warning] [Decorations] CAPPING events from decorations provider vscode.git 6757
2023-03-07 23:31:38.984 [warning] [Decorations] CAPPING events from decorations provider vscode.git 6757
2023-03-07 23:31:44.172 [warning] [Decorations] CAPPING events from decorations provider vscode.git 6757
2023-03-07 23:31:49.288 [warning] [Decorations] CAPPING events from decorations provider vscode.git 6757
2023-03-07 23:31:54.424 [warning] [Decorations] CAPPING events from decorations provider vscode.git 6757
2023-03-07 23:31:59.599 [warning] [Decorations] CAPPING events from decorations provider vscode.git 6757
2023-03-07 23:32:04.777 [warning] [Decorations] CAPPING events from decorations provider vscode.git 6757
2023-03-07 23:32:09.947 [warning] [Decorations] CAPPING events from decorations provider vscode.git 6757
2023-03-07 23:32:15.080 [warning] [Decorations] CAPPING events from decorations provider vscode.git 6757
2023-03-07 23:32:20.217 [warning] [Decorations] CAPPING events from decorations provider vscode.git 6757
2023-03-07 23:32:34.857 [warning] [Decorations] CAPPING events from decorations provider vscode.git 6757
2023-03-07 23:32:39.989 [warning] [Decorations] CAPPING events from decorations provider vscode.git 6757
2023-03-07 23:32:45.136 [warning] [Decorations] CAPPING events from decorations provider vscode.git 6757
2023-03-07 23:32:50.299 [warning] [Decorations] CAPPING events from decorations provider vscode.git 6758
2023-03-07 23:32:55.451 [warning] [Decorations] CAPPING events from decorations provider vscode.git 6758
2023-03-07 23:33:00.651 [warning] [Decorations] CAPPING events from decorations provider vscode.git 6758
2023-03-07 23:33:05.775 [warning] [Decorations] CAPPING events from decorations provider vscode.git 6758
2023-03-07 23:33:10.922 [warning] [Decorations] CAPPING events from decorations provider vscode.git 6758
2023-03-07 23:33:16.084 [warning] [Decorations] CAPPING events from decorations provider vscode.git 6758
2023-03-07 23:33:21.229 [warning] [Decorations] CAPPING events from decorations provider vscode.git 6758
2023-03-07 23:33:26.408 [warning] [Decorations] CAPPING events from decorations provider vscode.git 6758
2023-03-07 23:33:31.523 [warning] [Decorations] CAPPING events from decorations provider vscode.git 6758
2023-03-07 23:33:36.666 [warning] [Decorations] CAPPING events from decorations provider vscode.git 6758
2023-03-07 23:33:41.826 [warning] [Decorations] CAPPING events from decorations provider vscode.git 6758
2023-03-07 23:33:46.980 [warning] [Decorations] CAPPING events from decorations provider vscode.git 6758
2023-03-07 23:33:52.103 [warning] [Decorations] CAPPING events from decorations provider vscode.git 6759
2023-03-07 23:33:57.245 [warning] [Decorations] CAPPING events from decorations provider vscode.git 6759
2023-03-07 23:34:02.371 [warning] [Decorations] CAPPING events from decorations provider vscode.git 6759
2023-03-07 23:34:07.514 [warning] [Decorations] CAPPING events from decorations provider vscode.git 6759
2023-03-07 23:34:12.662 [warning] [Decorations] CAPPING events from decorations provider vscode.git 6759
2023-03-07 23:34:17.843 [warning] [Decorations] CAPPING events from decorations provider vscode.git 6759
2023-03-07 23:34:22.980 [warning] [Decorations] CAPPING events from decorations provider vscode.git 6759
2023-03-07 23:34:29.725 [warning] [Decorations] CAPPING events from decorations provider vscode.git 6760
2023-03-07 23:34:34.865 [warning] [Decorations] CAPPING events from decorations provider vscode.git 6760
2023-03-07 23:34:40.016 [warning] [Decorations] CAPPING events from decorations provider vscode.git 6760
2023-03-07 23:35:01.820 [warning] [Decorations] CAPPING events from decorations provider vscode.git 6760
2023-03-07 23:35:06.957 [warning] [Decorations] CAPPING events from decorations provider vscode.git 6760
2023-03-07 23:35:12.091 [warning] [Decorations] CAPPING events from decorations provider vscode.git 6760
2023-03-07 23:35:17.245 [warning] [Decorations] CAPPING events from decorations provider vscode.git 6760
2023-03-07 23:35:22.394 [warning] [Decorations] CAPPING events from decorations provider vscode.git 6760
2023-03-07 23:35:27.541 [warning] [Decorations] CAPPING events from decorations provider vscode.git 6760
2023-03-07 23:36:54.211 [warning] [Decorations] CAPPING events from decorations provider vscode.git 6760
2023-03-07 23:36:59.342 [warning] [Decorations] CAPPING events from decorations provider vscode.git 6760
2023-03-07 23:37:04.475 [warning] [Decorations] CAPPING events from decorations provider vscode.git 6760
2023-03-07 23:37:09.644 [warning] [Decorations] CAPPING events from decorations provider vscode.git 6760
2023-03-07 23:37:25.115 [warning] [Decorations] CAPPING events from decorations provider vscode.git 6760
2023-03-07 23:37:30.235 [warning] [Decorations] CAPPING events from decorations provider vscode.git 6760
2023-03-07 23:37:35.364 [warning] [Decorations] CAPPING events from decorations provider vscode.git 6760
2023-03-07 23:37:40.498 [warning] [Decorations] CAPPING events from decorations provider vscode.git 6760
2023-03-07 23:37:45.649 [warning] [Decorations] CAPPING events from decorations provider vscode.git 6760
2023-03-07 23:37:51.433 [warning] [Decorations] CAPPING events from decorations provider vscode.git 6760
2023-03-07 23:37:56.552 [warning] [Decorations] CAPPING events from decorations provider vscode.git 6760
2023-03-07 23:38:01.675 [warning] [Decorations] CAPPING events from decorations provider vscode.git 6760
2023-03-07 23:38:06.807 [warning] [Decorations] CAPPING events from decorations provider vscode.git 6760
2023-03-07 23:38:11.974 [warning] [Decorations] CAPPING events from decorations provider vscode.git 6760
2023-03-07 23:38:17.168 [warning] [Decorations] CAPPING events from decorations provider vscode.git 6760
2023-03-07 23:38:22.302 [warning] [Decorations] CAPPING events from decorations provider vscode.git 6760
2023-03-07 23:38:27.437 [warning] [Decorations] CAPPING events from decorations provider vscode.git 6760
2023-03-07 23:38:32.568 [warning] [Decorations] CAPPING events from decorations provider vscode.git 6760
2023-03-07 23:38:37.716 [warning] [Decorations] CAPPING events from decorations provider vscode.git 6760
2023-03-07 23:38:42.898 [warning] [Decorations] CAPPING events from decorations provider vscode.git 6760
2023-03-07 23:38:48.037 [warning] [Decorations] CAPPING events from decorations provider vscode.git 6760
2023-03-07 23:38:53.176 [warning] [Decorations] CAPPING events from decorations provider vscode.git 6760
2023-03-07 23:38:58.325 [warning] [Decorations] CAPPING events from decorations provider vscode.git 6760
2023-03-07 23:39:03.497 [warning] [Decorations] CAPPING events from decorations provider vscode.git 6760
2023-03-07 23:39:09.180 [warning] [Decorations] CAPPING events from decorations provider vscode.git 6760
2023-03-07 23:39:14.338 [warning] [Decorations] CAPPING events from decorations provider vscode.git 6760
2023-03-07 23:39:19.485 [warning] [Decorations] CAPPING events from decorations provider vscode.git 6760
2023-03-07 23:39:24.638 [warning] [Decorations] CAPPING events from decorations provider vscode.git 6760
2023-03-07 23:39:29.780 [warning] [Decorations] CAPPING events from decorations provider vscode.git 6760
2023-03-07 23:39:34.917 [warning] [Decorations] CAPPING events from decorations provider vscode.git 6760
2023-03-07 23:39:40.064 [warning] [Decorations] CAPPING events from decorations provider vscode.git 6760
2023-03-07 23:39:45.205 [warning] [Decorations] CAPPING events from decorations provider vscode.git 6760
2023-03-07 23:39:50.362 [warning] [Decorations] CAPPING events from decorations provider vscode.git 6760
2023-03-07 23:39:55.531 [warning] [Decorations] CAPPING events from decorations provider vscode.git 6760
2023-03-07 23:40:00.682 [warning] [Decorations] CAPPING events from decorations provider vscode.git 6760
2023-03-07 23:40:05.828 [warning] [Decorations] CAPPING events from decorations provider vscode.git 6760
2023-03-07 23:40:10.961 [warning] [Decorations] CAPPING events from decorations provider vscode.git 6760
2023-03-07 23:40:16.109 [warning] [Decorations] CAPPING events from decorations provider vscode.git 6760
2023-03-07 23:40:21.270 [warning] [Decorations] CAPPING events from decorations provider vscode.git 6760
2023-03-07 23:40:26.428 [warning] [Decorations] CAPPING events from decorations provider vscode.git 6760
2023-03-07 23:40:31.542 [warning] [Decorations] CAPPING events from decorations provider vscode.git 6760
2023-03-07 23:40:37.301 [warning] [Decorations] CAPPING events from decorations provider vscode.git 6760
2023-03-07 23:40:42.432 [warning] [Decorations] CAPPING events from decorations provider vscode.git 6760
2023-03-07 23:40:47.579 [warning] [Decorations] CAPPING events from decorations provider vscode.git 6760
2023-03-07 23:40:52.764 [warning] [Decorations] CAPPING events from decorations provider vscode.git 6761
2023-03-07 23:40:57.909 [warning] [Decorations] CAPPING events from decorations provider vscode.git 6761
2023-03-07 23:41:08.791 [warning] [Decorations] CAPPING events from decorations provider vscode.git 6761
2023-03-07 23:41:13.939 [warning] [Decorations] CAPPING events from decorations provider vscode.git 6761
2023-03-07 23:41:19.086 [warning] [Decorations] CAPPING events from decorations provider vscode.git 6761
2023-03-07 23:41:25.909 [warning] [Decorations] CAPPING events from decorations provider vscode.git 6762
2023-03-07 23:41:31.039 [warning] [Decorations] CAPPING events from decorations provider vscode.git 6762
2023-03-07 23:41:36.166 [warning] [Decorations] CAPPING events from decorations provider vscode.git 6762
2023-03-07 23:41:41.319 [warning] [Decorations] CAPPING events from decorations provider vscode.git 6762
